# JRE version: OpenJDK Runtime Environment Temurin-21.0.3+9 (21.0.3+9) (build 21.0.3+9-LTS)
# Java VM: OpenJDK 64-Bit Server VM Temurin-21.0.3+9 (21.0.3+9-LTS, mixed mode, emulated-client, tiered, compressed oops, compressed class ptrs, g1 gc, windows-amd64)
GC Precious Log:
 CardTable entry size: 512
 Card Set container configuration: InlinePtr #cards 5 size 8 Array Of Cards #cards 12 size 40 Howl #buckets 4 coarsen threshold 1843 Howl Bitmap #cards 512 size 80 coarsen threshold 460 Card regions per heap region 1 cards per card region 2048
 CPUs: 8 total, 8 available
 Memory: 8034M
 Large Page Support: Disabled
 NUMA Support: Disabled
 Compressed Oops: Enabled (32-bit)
 Heap Region Size: 1M
 Heap Min Capacity: 8M
 Heap Initial Capacity: 126M
 Heap Max Capacity: 2010M
 Pre-touch: Disabled
 Parallel Workers: 8
 Concurrent Workers: 2
 Concurrent Refinement Workers: 8
 Periodic GC: Disabled
Heap:
 garbage-first heap   total 97280K, used 57865K [0x0000000082600000, 0x0000000100000000)
  region size 1024K, 20 young (20480K), 4 survivors (4096K)
 Metaspace       used 66960K, committed 67840K, reserved 1114112K
  class space    used 8813K, committed 9280K, reserved 1048576K
GC Heap History (20 events):
Event: 11.693 GC heap before
{Heap before GC invocations=35 (full 0):
 garbage-first heap   total 77824K, used 68870K [0x0000000082600000, 0x0000000100000000)
  region size 1024K, 35 young (35840K), 3 survivors (3072K)
 Metaspace       used 58927K, committed 59712K, reserved 1114112K
  class space    used 7670K, committed 8000K, reserved 1048576K
}
Event: 11.697 GC heap after
{Heap after GC invocations=36 (full 0):
 garbage-first heap   total 77824K, used 37737K [0x0000000082600000, 0x0000000100000000)
  region size 1024K, 5 young (5120K), 5 survivors (5120K)
 Metaspace       used 58927K, committed 59712K, reserved 1114112K
  class space    used 7670K, committed 8000K, reserved 1048576K
}
Event: 12.029 GC heap before
{Heap before GC invocations=36 (full 0):
 garbage-first heap   total 77824K, used 65385K [0x0000000082600000, 0x0000000100000000)
  region size 1024K, 33 young (33792K), 5 survivors (5120K)
 Metaspace       used 61341K, committed 62144K, reserved 1114112K
  class space    used 8013K, committed 8384K, reserved 1048576K
}
Event: 12.035 GC heap after
{Heap after GC invocations=37 (full 0):
 garbage-first heap   total 77824K, used 39648K [0x0000000082600000, 0x0000000100000000)
  region size 1024K, 5 young (5120K), 5 survivors (5120K)
 Metaspace       used 61341K, committed 62144K, reserved 1114112K
  class space    used 8013K, committed 8384K, reserved 1048576K
}
Event: 12.338 GC heap before
{Heap before GC invocations=37 (full 0):
 garbage-first heap   total 77824K, used 66272K [0x0000000082600000, 0x0000000100000000)
  region size 1024K, 31 young (31744K), 5 survivors (5120K)
 Metaspace       used 63632K, committed 64448K, reserved 1114112K
  class space    used 8365K, committed 8768K, reserved 1048576K
}
Event: 12.344 GC heap after
{Heap after GC invocations=38 (full 0):
 garbage-first heap   total 77824K, used 41980K [0x0000000082600000, 0x0000000100000000)
  region size 1024K, 3 young (3072K), 3 survivors (3072K)
 Metaspace       used 63632K, committed 64448K, reserved 1114112K
  class space    used 8365K, committed 8768K, reserved 1048576K
}
Event: 43.599 GC heap before
{Heap before GC invocations=39 (full 0):
 garbage-first heap   total 80896K, used 67580K [0x0000000082600000, 0x0000000100000000)
  region size 1024K, 29 young (29696K), 3 survivors (3072K)
 Metaspace       used 64818K, committed 65792K, reserved 1114112K
  class space    used 8558K, committed 9024K, reserved 1048576K
}
Event: 43.602 GC heap after
{Heap after GC invocations=40 (full 0):
 garbage-first heap   total 80896K, used 42642K [0x0000000082600000, 0x0000000100000000)
  region size 1024K, 4 young (4096K), 4 survivors (4096K)
 Metaspace       used 64818K, committed 65792K, reserved 1114112K
  class space    used 8558K, committed 9024K, reserved 1048576K
}
Event: 253.395 GC heap before
{Heap before GC invocations=40 (full 0):
 garbage-first heap   total 80896K, used 69266K [0x0000000082600000, 0x0000000100000000)
  region size 1024K, 31 young (31744K), 4 survivors (4096K)
 Metaspace       used 66666K, committed 67648K, reserved 1114112K
  class space    used 8789K, committed 9280K, reserved 1048576K
}
Event: 253.401 GC heap after
{Heap after GC invocations=41 (full 0):
 garbage-first heap   total 80896K, used 42856K [0x0000000082600000, 0x0000000100000000)
  region size 1024K, 2 young (2048K), 2 survivors (2048K)
 Metaspace       used 66666K, committed 67648K, reserved 1114112K
  class space    used 8789K, committed 9280K, reserved 1048576K
}
Event: 439.522 GC heap before
{Heap before GC invocations=41 (full 0):
 garbage-first heap   total 80896K, used 57192K [0x0000000082600000, 0x0000000100000000)
  region size 1024K, 17 young (17408K), 2 survivors (2048K)
 Metaspace       used 66837K, committed 67840K, reserved 1114112K
  class space    used 8828K, committed 9280K, reserved 1048576K
}
Event: 439.571 GC heap after
{Heap after GC invocations=42 (full 1):
 garbage-first heap   total 80896K, used 29500K [0x0000000082600000, 0x0000000100000000)
  region size 1024K, 0 young (0K), 0 survivors (0K)
 Metaspace       used 66296K, committed 67840K, reserved 1114112K
  class space    used 8689K, committed 9280K, reserved 1048576K
}
Event: 441.038 GC heap before
{Heap before GC invocations=42 (full 1):
 garbage-first heap   total 80896K, used 67388K [0x0000000082600000, 0x0000000100000000)
  region size 1024K, 38 young (38912K), 0 survivors (0K)
 Metaspace       used 66366K, committed 67840K, reserved 1114112K
  class space    used 8707K, committed 9280K, reserved 1048576K
}
Event: 441.042 GC heap after
{Heap after GC invocations=43 (full 1):
 garbage-first heap   total 80896K, used 34072K [0x0000000082600000, 0x0000000100000000)
  region size 1024K, 5 young (5120K), 5 survivors (5120K)
 Metaspace       used 66366K, committed 67840K, reserved 1114112K
  class space    used 8707K, committed 9280K, reserved 1048576K
}
Event: 441.743 GC heap before
{Heap before GC invocations=44 (full 1):
 garbage-first heap   total 80896K, used 66840K [0x0000000082600000, 0x0000000100000000)
  region size 1024K, 37 young (37888K), 5 survivors (5120K)
 Metaspace       used 66449K, committed 67840K, reserved 1114112K
  class space    used 8721K, committed 9280K, reserved 1048576K
}
Event: 441.748 GC heap after
{Heap after GC invocations=45 (full 1):
 garbage-first heap   total 80896K, used 35923K [0x0000000082600000, 0x0000000100000000)
  region size 1024K, 4 young (4096K), 4 survivors (4096K)
 Metaspace       used 66449K, committed 67840K, reserved 1114112K
  class space    used 8721K, committed 9280K, reserved 1048576K
}
Event: 442.013 GC heap before
{Heap before GC invocations=45 (full 1):
 garbage-first heap   total 80896K, used 67667K [0x0000000082600000, 0x0000000100000000)
  region size 1024K, 34 young (34816K), 4 survivors (4096K)
 Metaspace       used 66738K, committed 67840K, reserved 1114112K
  class space    used 8766K, committed 9280K, reserved 1048576K
}
Event: 442.017 GC heap after
{Heap after GC invocations=46 (full 1):
 garbage-first heap   total 80896K, used 38539K [0x0000000082600000, 0x0000000100000000)
  region size 1024K, 3 young (3072K), 3 survivors (3072K)
 Metaspace       used 66738K, committed 67840K, reserved 1114112K
  class space    used 8766K, committed 9280K, reserved 1048576K
}
Event: 442.348 GC heap before
{Heap before GC invocations=46 (full 1):
 garbage-first heap   total 80896K, used 70283K [0x0000000082600000, 0x0000000100000000)
  region size 1024K, 34 young (34816K), 3 survivors (3072K)
 Metaspace       used 66887K, committed 67840K, reserved 1114112K
  class space    used 8800K, committed 9280K, reserved 1048576K
}
Event: 442.354 GC heap after
{Heap after GC invocations=47 (full 1):
 garbage-first heap   total 97280K, used 42505K [0x0000000082600000, 0x0000000100000000)
  region size 1024K, 4 young (4096K), 4 survivors (4096K)
 Metaspace       used 66887K, committed 67840K, reserved 1114112K
  class space    used 8800K, committed 9280K, reserved 1048576K
}

